2025-01-21 21:28:16,767 [Worker-2: Loading available Gradle versions] INFO  o.e.b.c.i.u.g.PublishedGradleVersions - Gradle version information cache is up-to-date. Trying to read.
2025-01-21 21:32:43,507 [Worker-44: Launching mavenrun-596d6077-a478-4e97-a13e-ea7b05093a0a] INFO  o.eclipse.m2e.core.internal.Bundles - getClasspathEntries(Bundle=org.eclipse.m2e.maven.runtime_3.9.900.20240824-1409 [637])
2025-01-21 21:32:43,510 [Worker-44: Launching mavenrun-596d6077-a478-4e97-a13e-ea7b05093a0a] INFO  o.eclipse.m2e.core.internal.Bundles - 	Entry: /home/mandar-dhamale/.p2/pool/plugins/org.eclipse.m2e.maven.runtime_3.9.900.20240824-1409
2025-01-21 21:32:43,510 [Worker-44: Launching mavenrun-596d6077-a478-4e97-a13e-ea7b05093a0a] INFO  o.eclipse.m2e.core.internal.Bundles - 	Entry: /home/mandar-dhamale/.p2/pool/plugins/org.eclipse.m2e.maven.runtime_3.9.900.20240824-1409/jars/aopalliance-1.0.jar
2025-01-21 21:32:43,510 [Worker-44: Launching mavenrun-596d6077-a478-4e97-a13e-ea7b05093a0a] INFO  o.eclipse.m2e.core.internal.Bundles - 	Entry: /home/mandar-dhamale/.p2/pool/plugins/org.eclipse.m2e.maven.runtime_3.9.900.20240824-1409/jars/guice-5.1.0.jar
2025-01-21 21:32:43,510 [Worker-44: Launching mavenrun-596d6077-a478-4e97-a13e-ea7b05093a0a] INFO  o.eclipse.m2e.core.internal.Bundles - 	Entry: /home/mandar-dhamale/.p2/pool/plugins/org.eclipse.m2e.maven.runtime_3.9.900.20240824-1409/jars/httpclient-4.5.14.jar
2025-01-21 21:32:43,510 [Worker-44: Launching mavenrun-596d6077-a478-4e97-a13e-ea7b05093a0a] INFO  o.eclipse.m2e.core.internal.Bundles - 	Entry: /home/mandar-dhamale/.p2/pool/plugins/org.eclipse.m2e.maven.runtime_3.9.900.20240824-1409/jars/httpcore-4.4.16.jar
2025-01-21 21:32:43,511 [Worker-44: Launching mavenrun-596d6077-a478-4e97-a13e-ea7b05093a0a] INFO  o.eclipse.m2e.core.internal.Bundles - 	Entry: /home/mandar-dhamale/.p2/pool/plugins/org.eclipse.m2e.maven.runtime_3.9.900.20240824-1409/jars/jansi-2.4.1.jar
2025-01-21 21:32:43,511 [Worker-44: Launching mavenrun-596d6077-a478-4e97-a13e-ea7b05093a0a] INFO  o.eclipse.m2e.core.internal.Bundles - 	Entry: /home/mandar-dhamale/.p2/pool/plugins/org.eclipse.m2e.maven.runtime_3.9.900.20240824-1409/jars/jcl-over-slf4j-1.7.36.jar
2025-01-21 21:32:43,511 [Worker-44: Launching mavenrun-596d6077-a478-4e97-a13e-ea7b05093a0a] INFO  o.eclipse.m2e.core.internal.Bundles - 	Entry: /home/mandar-dhamale/.p2/pool/plugins/org.eclipse.m2e.maven.runtime_3.9.900.20240824-1409/jars/maven-artifact-3.9.9.jar
2025-01-21 21:32:43,511 [Worker-44: Launching mavenrun-596d6077-a478-4e97-a13e-ea7b05093a0a] INFO  o.eclipse.m2e.core.internal.Bundles - 	Entry: /home/mandar-dhamale/.p2/pool/plugins/org.eclipse.m2e.maven.runtime_3.9.900.20240824-1409/jars/maven-builder-support-3.9.9.jar
2025-01-21 21:32:43,511 [Worker-44: Launching mavenrun-596d6077-a478-4e97-a13e-ea7b05093a0a] INFO  o.eclipse.m2e.core.internal.Bundles - 	Entry: /home/mandar-dhamale/.p2/pool/plugins/org.eclipse.m2e.maven.runtime_3.9.900.20240824-1409/jars/maven-compat-3.9.9.jar
2025-01-21 21:32:43,511 [Worker-44: Launching mavenrun-596d6077-a478-4e97-a13e-ea7b05093a0a] INFO  o.eclipse.m2e.core.internal.Bundles - 	Entry: /home/mandar-dhamale/.p2/pool/plugins/org.eclipse.m2e.maven.runtime_3.9.900.20240824-1409/jars/maven-core-3.9.9.jar
2025-01-21 21:32:43,511 [Worker-44: Launching mavenrun-596d6077-a478-4e97-a13e-ea7b05093a0a] INFO  o.eclipse.m2e.core.internal.Bundles - 	Entry: /home/mandar-dhamale/.p2/pool/plugins/org.eclipse.m2e.maven.runtime_3.9.900.20240824-1409/jars/maven-embedder-3.9.9.jar
2025-01-21 21:32:43,511 [Worker-44: Launching mavenrun-596d6077-a478-4e97-a13e-ea7b05093a0a] INFO  o.eclipse.m2e.core.internal.Bundles - 	Entry: /home/mandar-dhamale/.p2/pool/plugins/org.eclipse.m2e.maven.runtime_3.9.900.20240824-1409/jars/maven-model-3.9.9.jar
2025-01-21 21:32:43,511 [Worker-44: Launching mavenrun-596d6077-a478-4e97-a13e-ea7b05093a0a] INFO  o.eclipse.m2e.core.internal.Bundles - 	Entry: /home/mandar-dhamale/.p2/pool/plugins/org.eclipse.m2e.maven.runtime_3.9.900.20240824-1409/jars/maven-model-builder-3.9.9.jar
2025-01-21 21:32:43,511 [Worker-44: Launching mavenrun-596d6077-a478-4e97-a13e-ea7b05093a0a] INFO  o.eclipse.m2e.core.internal.Bundles - 	Entry: /home/mandar-dhamale/.p2/pool/plugins/org.eclipse.m2e.maven.runtime_3.9.900.20240824-1409/jars/maven-plugin-api-3.9.9.jar
2025-01-21 21:32:43,512 [Worker-44: Launching mavenrun-596d6077-a478-4e97-a13e-ea7b05093a0a] INFO  o.eclipse.m2e.core.internal.Bundles - 	Entry: /home/mandar-dhamale/.p2/pool/plugins/org.eclipse.m2e.maven.runtime_3.9.900.20240824-1409/jars/maven-repository-metadata-3.9.9.jar
2025-01-21 21:32:43,512 [Worker-44: Launching mavenrun-596d6077-a478-4e97-a13e-ea7b05093a0a] INFO  o.eclipse.m2e.core.internal.Bundles - 	Entry: /home/mandar-dhamale/.p2/pool/plugins/org.eclipse.m2e.maven.runtime_3.9.900.20240824-1409/jars/maven-resolver-api-1.9.22.jar
2025-01-21 21:32:43,512 [Worker-44: Launching mavenrun-596d6077-a478-4e97-a13e-ea7b05093a0a] INFO  o.eclipse.m2e.core.internal.Bundles - 	Entry: /home/mandar-dhamale/.p2/pool/plugins/org.eclipse.m2e.maven.runtime_3.9.900.20240824-1409/jars/maven-resolver-connector-basic-1.9.22.jar
2025-01-21 21:32:43,512 [Worker-44: Launching mavenrun-596d6077-a478-4e97-a13e-ea7b05093a0a] INFO  o.eclipse.m2e.core.internal.Bundles - 	Entry: /home/mandar-dhamale/.p2/pool/plugins/org.eclipse.m2e.maven.runtime_3.9.900.20240824-1409/jars/maven-resolver-impl-1.9.22.jar
2025-01-21 21:32:43,512 [Worker-44: Launching mavenrun-596d6077-a478-4e97-a13e-ea7b05093a0a] INFO  o.eclipse.m2e.core.internal.Bundles - 	Entry: /home/mandar-dhamale/.p2/pool/plugins/org.eclipse.m2e.maven.runtime_3.9.900.20240824-1409/jars/maven-resolver-named-locks-1.9.22.jar
2025-01-21 21:32:43,512 [Worker-44: Launching mavenrun-596d6077-a478-4e97-a13e-ea7b05093a0a] INFO  o.eclipse.m2e.core.internal.Bundles - 	Entry: /home/mandar-dhamale/.p2/pool/plugins/org.eclipse.m2e.maven.runtime_3.9.900.20240824-1409/jars/maven-resolver-provider-3.9.9.jar
2025-01-21 21:32:43,512 [Worker-44: Launching mavenrun-596d6077-a478-4e97-a13e-ea7b05093a0a] INFO  o.eclipse.m2e.core.internal.Bundles - 	Entry: /home/mandar-dhamale/.p2/pool/plugins/org.eclipse.m2e.maven.runtime_3.9.900.20240824-1409/jars/maven-resolver-spi-1.9.22.jar
2025-01-21 21:32:43,512 [Worker-44: Launching mavenrun-596d6077-a478-4e97-a13e-ea7b05093a0a] INFO  o.eclipse.m2e.core.internal.Bundles - 	Entry: /home/mandar-dhamale/.p2/pool/plugins/org.eclipse.m2e.maven.runtime_3.9.900.20240824-1409/jars/maven-resolver-transport-file-1.9.22.jar
2025-01-21 21:32:43,512 [Worker-44: Launching mavenrun-596d6077-a478-4e97-a13e-ea7b05093a0a] INFO  o.eclipse.m2e.core.internal.Bundles - 	Entry: /home/mandar-dhamale/.p2/pool/plugins/org.eclipse.m2e.maven.runtime_3.9.900.20240824-1409/jars/maven-resolver-transport-http-1.9.22.jar
2025-01-21 21:32:43,512 [Worker-44: Launching mavenrun-596d6077-a478-4e97-a13e-ea7b05093a0a] INFO  o.eclipse.m2e.core.internal.Bundles - 	Entry: /home/mandar-dhamale/.p2/pool/plugins/org.eclipse.m2e.maven.runtime_3.9.900.20240824-1409/jars/maven-resolver-transport-wagon-1.9.22.jar
2025-01-21 21:32:43,512 [Worker-44: Launching mavenrun-596d6077-a478-4e97-a13e-ea7b05093a0a] INFO  o.eclipse.m2e.core.internal.Bundles - 	Entry: /home/mandar-dhamale/.p2/pool/plugins/org.eclipse.m2e.maven.runtime_3.9.900.20240824-1409/jars/maven-resolver-util-1.9.22.jar
2025-01-21 21:32:43,512 [Worker-44: Launching mavenrun-596d6077-a478-4e97-a13e-ea7b05093a0a] INFO  o.eclipse.m2e.core.internal.Bundles - 	Entry: /home/mandar-dhamale/.p2/pool/plugins/org.eclipse.m2e.maven.runtime_3.9.900.20240824-1409/jars/maven-settings-3.9.9.jar
2025-01-21 21:32:43,512 [Worker-44: Launching mavenrun-596d6077-a478-4e97-a13e-ea7b05093a0a] INFO  o.eclipse.m2e.core.internal.Bundles - 	Entry: /home/mandar-dhamale/.p2/pool/plugins/org.eclipse.m2e.maven.runtime_3.9.900.20240824-1409/jars/maven-settings-builder-3.9.9.jar
2025-01-21 21:32:43,512 [Worker-44: Launching mavenrun-596d6077-a478-4e97-a13e-ea7b05093a0a] INFO  o.eclipse.m2e.core.internal.Bundles - 	Entry: /home/mandar-dhamale/.p2/pool/plugins/org.eclipse.m2e.maven.runtime_3.9.900.20240824-1409/jars/maven-shared-utils-3.4.2.jar
2025-01-21 21:32:43,513 [Worker-44: Launching mavenrun-596d6077-a478-4e97-a13e-ea7b05093a0a] INFO  o.eclipse.m2e.core.internal.Bundles - 	Entry: /home/mandar-dhamale/.p2/pool/plugins/org.eclipse.m2e.maven.runtime_3.9.900.20240824-1409/jars/org.eclipse.sisu.inject-0.9.0.M3.jar
2025-01-21 21:32:43,513 [Worker-44: Launching mavenrun-596d6077-a478-4e97-a13e-ea7b05093a0a] INFO  o.eclipse.m2e.core.internal.Bundles - 	Entry: /home/mandar-dhamale/.p2/pool/plugins/org.eclipse.m2e.maven.runtime_3.9.900.20240824-1409/jars/org.eclipse.sisu.plexus-0.9.0.M3.jar
2025-01-21 21:32:43,513 [Worker-44: Launching mavenrun-596d6077-a478-4e97-a13e-ea7b05093a0a] INFO  o.eclipse.m2e.core.internal.Bundles - 	Entry: /home/mandar-dhamale/.p2/pool/plugins/org.eclipse.m2e.maven.runtime_3.9.900.20240824-1409/jars/plexus-build-api-0.0.7.jar
2025-01-21 21:32:43,513 [Worker-44: Launching mavenrun-596d6077-a478-4e97-a13e-ea7b05093a0a] INFO  o.eclipse.m2e.core.internal.Bundles - 	Entry: /home/mandar-dhamale/.p2/pool/plugins/org.eclipse.m2e.maven.runtime_3.9.900.20240824-1409/jars/plexus-build-api-1.2.0.jar
2025-01-21 21:32:43,513 [Worker-44: Launching mavenrun-596d6077-a478-4e97-a13e-ea7b05093a0a] INFO  o.eclipse.m2e.core.internal.Bundles - 	Entry: /home/mandar-dhamale/.p2/pool/plugins/org.eclipse.m2e.maven.runtime_3.9.900.20240824-1409/jars/plexus-cipher-2.0.jar
2025-01-21 21:32:43,513 [Worker-44: Launching mavenrun-596d6077-a478-4e97-a13e-ea7b05093a0a] INFO  o.eclipse.m2e.core.internal.Bundles - 	Entry: /home/mandar-dhamale/.p2/pool/plugins/org.eclipse.m2e.maven.runtime_3.9.900.20240824-1409/jars/plexus-classworlds-2.8.0.jar
2025-01-21 21:32:43,513 [Worker-44: Launching mavenrun-596d6077-a478-4e97-a13e-ea7b05093a0a] INFO  o.eclipse.m2e.core.internal.Bundles - 	Entry: /home/mandar-dhamale/.p2/pool/plugins/org.eclipse.m2e.maven.runtime_3.9.900.20240824-1409/jars/plexus-component-annotations-2.1.0.jar
2025-01-21 21:32:43,513 [Worker-44: Launching mavenrun-596d6077-a478-4e97-a13e-ea7b05093a0a] INFO  o.eclipse.m2e.core.internal.Bundles - 	Entry: /home/mandar-dhamale/.p2/pool/plugins/org.eclipse.m2e.maven.runtime_3.9.900.20240824-1409/jars/plexus-interpolation-1.27.jar
2025-01-21 21:32:43,513 [Worker-44: Launching mavenrun-596d6077-a478-4e97-a13e-ea7b05093a0a] INFO  o.eclipse.m2e.core.internal.Bundles - 	Entry: /home/mandar-dhamale/.p2/pool/plugins/org.eclipse.m2e.maven.runtime_3.9.900.20240824-1409/jars/plexus-sec-dispatcher-2.0.jar
2025-01-21 21:32:43,513 [Worker-44: Launching mavenrun-596d6077-a478-4e97-a13e-ea7b05093a0a] INFO  o.eclipse.m2e.core.internal.Bundles - 	Entry: /home/mandar-dhamale/.p2/pool/plugins/org.eclipse.m2e.maven.runtime_3.9.900.20240824-1409/jars/plexus-utils-3.5.1.jar
2025-01-21 21:32:43,513 [Worker-44: Launching mavenrun-596d6077-a478-4e97-a13e-ea7b05093a0a] INFO  o.eclipse.m2e.core.internal.Bundles - 	Entry: /home/mandar-dhamale/.p2/pool/plugins/org.eclipse.m2e.maven.runtime_3.9.900.20240824-1409/jars/plexus-xml-3.0.1.jar
2025-01-21 21:32:43,513 [Worker-44: Launching mavenrun-596d6077-a478-4e97-a13e-ea7b05093a0a] INFO  o.eclipse.m2e.core.internal.Bundles - 	Entry: /home/mandar-dhamale/.p2/pool/plugins/org.eclipse.m2e.maven.runtime_3.9.900.20240824-1409/jars/wagon-file-3.5.3.jar
2025-01-21 21:32:43,513 [Worker-44: Launching mavenrun-596d6077-a478-4e97-a13e-ea7b05093a0a] INFO  o.eclipse.m2e.core.internal.Bundles - 	Entry: /home/mandar-dhamale/.p2/pool/plugins/org.eclipse.m2e.maven.runtime_3.9.900.20240824-1409/jars/wagon-http-3.5.3.jar
2025-01-21 21:32:43,514 [Worker-44: Launching mavenrun-596d6077-a478-4e97-a13e-ea7b05093a0a] INFO  o.eclipse.m2e.core.internal.Bundles - 	Entry: /home/mandar-dhamale/.p2/pool/plugins/org.eclipse.m2e.maven.runtime_3.9.900.20240824-1409/jars/wagon-http-shared-3.5.3.jar
2025-01-21 21:32:43,514 [Worker-44: Launching mavenrun-596d6077-a478-4e97-a13e-ea7b05093a0a] INFO  o.eclipse.m2e.core.internal.Bundles - 	Entry: /home/mandar-dhamale/.p2/pool/plugins/org.eclipse.m2e.maven.runtime_3.9.900.20240824-1409/jars/wagon-provider-api-3.5.3.jar
2025-01-21 21:32:43,515 [Worker-44: Launching mavenrun-596d6077-a478-4e97-a13e-ea7b05093a0a] INFO  o.eclipse.m2e.core.internal.Bundles - getClasspathEntries(Bundle=com.google.guava_33.3.0.jre [16])
2025-01-21 21:32:43,515 [Worker-44: Launching mavenrun-596d6077-a478-4e97-a13e-ea7b05093a0a] INFO  o.eclipse.m2e.core.internal.Bundles - 	Entry: /home/mandar-dhamale/.p2/pool/plugins/com.google.guava_33.3.0.jre.jar
2025-01-21 21:32:43,515 [Worker-44: Launching mavenrun-596d6077-a478-4e97-a13e-ea7b05093a0a] INFO  o.eclipse.m2e.core.internal.Bundles - getClasspathEntries(Bundle=slf4j.api_2.0.16 [1001])
2025-01-21 21:32:43,515 [Worker-44: Launching mavenrun-596d6077-a478-4e97-a13e-ea7b05093a0a] INFO  o.eclipse.m2e.core.internal.Bundles - 	Entry: /home/mandar-dhamale/.p2/pool/plugins/slf4j.api_2.0.16.jar
2025-01-21 21:32:43,515 [Worker-44: Launching mavenrun-596d6077-a478-4e97-a13e-ea7b05093a0a] INFO  o.eclipse.m2e.core.internal.Bundles - getClasspathEntries(Bundle=jakarta.inject.jakarta.inject-api_1.0.5 [34])
2025-01-21 21:32:43,516 [Worker-44: Launching mavenrun-596d6077-a478-4e97-a13e-ea7b05093a0a] INFO  o.eclipse.m2e.core.internal.Bundles - 	Entry: /home/mandar-dhamale/.p2/pool/plugins/jakarta.inject.jakarta.inject-api_1.0.5.jar
2025-01-21 21:32:43,516 [Worker-44: Launching mavenrun-596d6077-a478-4e97-a13e-ea7b05093a0a] INFO  o.eclipse.m2e.core.internal.Bundles - getClasspathEntries(Bundle=jakarta.annotation-api_1.3.5 [29])
2025-01-21 21:32:43,516 [Worker-44: Launching mavenrun-596d6077-a478-4e97-a13e-ea7b05093a0a] INFO  o.eclipse.m2e.core.internal.Bundles - 	Entry: /home/mandar-dhamale/.p2/pool/plugins/jakarta.annotation-api_1.3.5.jar
2025-01-21 21:32:43,516 [Worker-44: Launching mavenrun-596d6077-a478-4e97-a13e-ea7b05093a0a] INFO  o.eclipse.m2e.core.internal.Bundles - getClasspathEntries(Bundle=org.apache.commons.cli_1.9.0 [78])
2025-01-21 21:32:43,516 [Worker-44: Launching mavenrun-596d6077-a478-4e97-a13e-ea7b05093a0a] INFO  o.eclipse.m2e.core.internal.Bundles - 	Entry: /home/mandar-dhamale/.p2/pool/plugins/org.apache.commons.cli_1.9.0.jar
2025-01-21 21:32:43,516 [Worker-44: Launching mavenrun-596d6077-a478-4e97-a13e-ea7b05093a0a] INFO  o.eclipse.m2e.core.internal.Bundles - getClasspathEntries(Bundle=org.apache.commons.commons-codec_1.16.0 [81])
2025-01-21 21:32:43,516 [Worker-44: Launching mavenrun-596d6077-a478-4e97-a13e-ea7b05093a0a] INFO  o.eclipse.m2e.core.internal.Bundles - 	Entry: /home/mandar-dhamale/.p2/pool/plugins/org.apache.commons.commons-codec_1.16.0.jar
2025-01-21 21:32:43,516 [Worker-44: Launching mavenrun-596d6077-a478-4e97-a13e-ea7b05093a0a] INFO  o.eclipse.m2e.core.internal.Bundles - getClasspathEntries(Bundle=com.google.guava.failureaccess_1.0.2 [17])
2025-01-21 21:32:43,516 [Worker-44: Launching mavenrun-596d6077-a478-4e97-a13e-ea7b05093a0a] INFO  o.eclipse.m2e.core.internal.Bundles - 	Entry: /home/mandar-dhamale/.p2/pool/plugins/com.google.guava.failureaccess_1.0.2.jar
2025-01-21 21:32:43,520 [Worker-44: Launching mavenrun-596d6077-a478-4e97-a13e-ea7b05093a0a] INFO  o.e.m.i.launch.MavenLaunchDelegate - Run build in "/tmp/m2e-archetypeGenerator2444214590894470361":
2025-01-21 21:32:43,524 [Worker-44: Launching mavenrun-596d6077-a478-4e97-a13e-ea7b05093a0a] INFO  o.e.m.i.launch.MavenLaunchDelegate -  mvn  -DarchetypeGroupId=org.apache.maven.archetypes -DarchetypeArtifactId=maven-archetype-webapp -DarchetypeVersion=1.5 -DgroupId=com.mandar -DartifactId=db-integration -Dversion=0.0.1-SNAPSHOT -Dpackage=com.mandar.db_integration -DoutputDirectory="/home/mandar-dhamale/eclipse-workspaces/Data Base Integration" -Dstyle.color=always -U archetype:generate
2025-01-21 21:32:51,222 [Worker-46: Creating maven-archetype-webapp] INFO  o.e.m.c.i.p.ProjectConfigurationManager - Collecting project info '/pom.xml' /home/mandar-dhamale/eclipse-workspaces/Data Base Integration/db-integration/pom.xml
2025-01-21 21:32:51,946 [Worker-46: Creating maven-archetype-webapp] INFO  o.e.m.c.i.l.LifecycleMappingFactory - Using org.maven.ide.eclipse.wtp.WarLifecycleMapping lifecycle mapping for MavenProject: com.mandar:db-integration:0.0.1-SNAPSHOT @ /home/mandar-dhamale/eclipse-workspaces/Data Base Integration/db-integration/pom.xml.
2025-01-21 21:32:52,656 [Worker-46: Creating maven-archetype-webapp] INFO  o.e.m.j.i.AbstractJavaProjectConfigurator - Adding source folder /db-integration/src/main/java
2025-01-21 21:32:52,658 [Worker-46: Creating maven-archetype-webapp] INFO  o.e.m.j.i.AbstractJavaProjectConfigurator - Adding resource folder /db-integration/src/main/resources
2025-01-21 21:32:52,659 [Worker-46: Creating maven-archetype-webapp] INFO  o.e.m.j.i.AbstractJavaProjectConfigurator - Adding source folder /db-integration/src/test/java
2025-01-21 21:32:52,660 [Worker-46: Creating maven-archetype-webapp] INFO  o.e.m.j.i.AbstractJavaProjectConfigurator - Adding resource folder /db-integration/src/test/resources
2025-01-21 21:32:53,941 [Worker-46: Creating maven-archetype-webapp] INFO  o.e.m.c.i.p.ProjectConfigurationManager - Imported and configured 1 project(s) in 2 sec
2025-01-21 21:32:54,837 [Worker-48: Building] INFO  o.a.m.s.f.DefaultMavenResourcesFiltering - skip non existing resourceDirectory /home/mandar-dhamale/eclipse-workspaces/Data Base Integration/db-integration/src/main/resources
2025-01-21 21:32:54,846 [Worker-48: Building] INFO  o.a.m.s.f.DefaultMavenResourcesFiltering - skip non existing resourceDirectory /home/mandar-dhamale/eclipse-workspaces/Data Base Integration/db-integration/src/test/resources
2025-01-21 21:33:43,057 [Worker-46: Building] INFO  o.a.m.s.f.DefaultMavenResourcesFiltering - skip non existing resourceDirectory /home/mandar-dhamale/eclipse-workspaces/Data Base Integration/db-integration/src/main/resources
2025-01-21 21:33:43,060 [Worker-46: Building] INFO  o.a.m.s.f.DefaultMavenResourcesFiltering - skip non existing resourceDirectory /home/mandar-dhamale/eclipse-workspaces/Data Base Integration/db-integration/src/test/resources
2025-01-21 21:33:47,554 [Worker-44: Updating Maven Project] INFO  o.e.m.c.i.p.ProjectConfigurationManager - Update started
2025-01-21 21:33:47,627 [Worker-44: Updating Maven Project] INFO  o.e.m.c.i.l.LifecycleMappingFactory - Using org.maven.ide.eclipse.wtp.WarLifecycleMapping lifecycle mapping for MavenProject: com.mandar:db-integration:0.0.1-SNAPSHOT @ /home/mandar-dhamale/eclipse-workspaces/Data Base Integration/db-integration/pom.xml.
2025-01-21 21:33:47,738 [Worker-44: Updating Maven Project] INFO  o.e.m.j.i.AbstractJavaProjectConfigurator - Adding source folder /db-integration/src/main/java
2025-01-21 21:33:47,740 [Worker-44: Updating Maven Project] INFO  o.e.m.j.i.AbstractJavaProjectConfigurator - Adding resource folder /db-integration/src/main/resources
2025-01-21 21:33:47,740 [Worker-44: Updating Maven Project] INFO  o.e.m.j.i.AbstractJavaProjectConfigurator - Adding source folder /db-integration/src/test/java
2025-01-21 21:33:47,741 [Worker-44: Updating Maven Project] INFO  o.e.m.j.i.AbstractJavaProjectConfigurator - Adding resource folder /db-integration/src/test/resources
2025-01-21 21:33:47,871 [Worker-44: Updating Maven Project] INFO  o.e.m.w.i.f.ResourceFilteringBuildParticipant - Cleaning filtered folder for db-integration
2025-01-21 21:33:47,876 [Worker-44: Updating Maven Project] INFO  o.e.m.c.i.p.ProjectConfigurationManager - Update completed for 1 poms: local refresh takes 0.00 sec, refresh facades takes 0.00 sec, update config takes 0.00 sec 
2025-01-21 21:33:48,111 [Worker-47: Building] INFO  o.a.m.s.f.DefaultMavenResourcesFiltering - skip non existing resourceDirectory /home/mandar-dhamale/eclipse-workspaces/Data Base Integration/db-integration/src/main/resources
2025-01-21 21:33:48,118 [Worker-47: Building] INFO  o.a.m.s.f.DefaultMavenResourcesFiltering - skip non existing resourceDirectory /home/mandar-dhamale/eclipse-workspaces/Data Base Integration/db-integration/src/test/resources
2025-01-21 21:33:48,118 [Worker-47: Building] INFO  o.e.m.w.i.f.ResourceFilteringBuildParticipant - Changed resources require a complete clean of filtered resources of db-integration
2025-01-21 21:33:48,119 [Worker-47: Building] INFO  o.e.m.w.i.f.ResourceFilteringBuildParticipant - Executing resource filtering for db-integration
2025-01-21 21:34:24,118 [Worker-44: Building] INFO  o.a.m.s.f.DefaultMavenResourcesFiltering - skip non existing resourceDirectory /home/mandar-dhamale/eclipse-workspaces/Data Base Integration/db-integration/src/main/resources
2025-01-21 21:34:24,121 [Worker-44: Building] INFO  o.a.m.s.f.DefaultMavenResourcesFiltering - skip non existing resourceDirectory /home/mandar-dhamale/eclipse-workspaces/Data Base Integration/db-integration/src/test/resources
2025-01-21 21:35:19,106 [Worker-43: Building] INFO  o.a.m.s.f.DefaultMavenResourcesFiltering - skip non existing resourceDirectory /home/mandar-dhamale/eclipse-workspaces/Data Base Integration/db-integration/src/main/resources
2025-01-21 21:35:19,109 [Worker-43: Building] INFO  o.a.m.s.f.DefaultMavenResourcesFiltering - skip non existing resourceDirectory /home/mandar-dhamale/eclipse-workspaces/Data Base Integration/db-integration/src/test/resources
2025-01-21 21:35:27,308 [Worker-47: Building] INFO  o.a.m.s.f.DefaultMavenResourcesFiltering - skip non existing resourceDirectory /home/mandar-dhamale/eclipse-workspaces/Data Base Integration/db-integration/src/main/resources
2025-01-21 21:35:27,311 [Worker-47: Building] INFO  o.a.m.s.f.DefaultMavenResourcesFiltering - skip non existing resourceDirectory /home/mandar-dhamale/eclipse-workspaces/Data Base Integration/db-integration/src/test/resources
2025-01-21 21:35:56,844 [Worker-49: Building] INFO  o.a.m.s.f.DefaultMavenResourcesFiltering - skip non existing resourceDirectory /home/mandar-dhamale/eclipse-workspaces/Data Base Integration/db-integration/src/main/resources
2025-01-21 21:35:56,846 [Worker-49: Building] INFO  o.a.m.s.f.DefaultMavenResourcesFiltering - skip non existing resourceDirectory /home/mandar-dhamale/eclipse-workspaces/Data Base Integration/db-integration/src/test/resources
2025-01-21 21:36:40,391 [Worker-51: Building] INFO  o.e.m.c.i.l.LifecycleMappingFactory - Using org.maven.ide.eclipse.wtp.WarLifecycleMapping lifecycle mapping for MavenProject: com.mandar:db-integration:0.0.1-SNAPSHOT @ /home/mandar-dhamale/eclipse-workspaces/Data Base Integration/db-integration/pom.xml.
2025-01-21 21:36:40,522 [Worker-51: Building] INFO  o.a.m.s.f.DefaultMavenResourcesFiltering - skip non existing resourceDirectory /home/mandar-dhamale/eclipse-workspaces/Data Base Integration/db-integration/src/main/resources
2025-01-21 21:36:40,526 [Worker-51: Building] INFO  o.a.m.s.f.DefaultMavenResourcesFiltering - skip non existing resourceDirectory /home/mandar-dhamale/eclipse-workspaces/Data Base Integration/db-integration/src/test/resources
2025-01-21 21:36:40,527 [Worker-51: Building] INFO  o.e.m.w.i.f.ResourceFilteringBuildParticipant - Changed resources require a complete clean of filtered resources of db-integration
2025-01-21 21:36:40,527 [Worker-51: Building] INFO  o.e.m.w.i.f.ResourceFilteringBuildParticipant - Executing resource filtering for db-integration
2025-01-21 21:36:41,525 [Worker-26: Download sources and javadoc] INFO  o.e.m.c.i.e.AbstractTransferListenerAdapter - Downloading https://repo.maven.apache.org/maven2/jakarta/servlet/jakarta.servlet-api/6.0.0/jakarta.servlet-api-6.0.0-sources.jar
2025-01-21 21:36:41,968 [Worker-26: Download sources and javadoc] INFO  o.e.m.c.i.e.AbstractTransferListenerAdapter - Downloaded https://repo.maven.apache.org/maven2/jakarta/servlet/jakarta.servlet-api/6.0.0/jakarta.servlet-api-6.0.0-sources.jar
2025-01-21 21:36:41,971 [Worker-26: Download sources and javadoc] INFO  o.e.m.j.internal.DownloadSourcesJob - Downloaded sources for jakarta.servlet:jakarta.servlet-api:6.0.0
2025-01-21 21:38:18,094 [Worker-40: Building] INFO  o.e.m.c.i.l.LifecycleMappingFactory - Using org.maven.ide.eclipse.wtp.WarLifecycleMapping lifecycle mapping for MavenProject: com.mandar:db-integration:0.0.1-SNAPSHOT @ /home/mandar-dhamale/eclipse-workspaces/Data Base Integration/db-integration/pom.xml.
2025-01-21 21:38:18,189 [Worker-40: Building] INFO  o.a.m.s.f.DefaultMavenResourcesFiltering - skip non existing resourceDirectory /home/mandar-dhamale/eclipse-workspaces/Data Base Integration/db-integration/src/main/resources
2025-01-21 21:38:18,193 [Worker-40: Building] INFO  o.a.m.s.f.DefaultMavenResourcesFiltering - skip non existing resourceDirectory /home/mandar-dhamale/eclipse-workspaces/Data Base Integration/db-integration/src/test/resources
2025-01-21 21:38:18,194 [Worker-40: Building] INFO  o.e.m.w.i.f.ResourceFilteringBuildParticipant - Changed resources require a complete clean of filtered resources of db-integration
2025-01-21 21:38:18,194 [Worker-40: Building] INFO  o.e.m.w.i.f.ResourceFilteringBuildParticipant - Executing resource filtering for db-integration
2025-01-21 21:38:23,862 [Worker-43: Updating Maven Project] INFO  o.e.m.c.i.p.ProjectConfigurationManager - Update started
2025-01-21 21:38:23,912 [Worker-43: Updating Maven Project] INFO  o.e.m.c.i.l.LifecycleMappingFactory - Using org.maven.ide.eclipse.wtp.WarLifecycleMapping lifecycle mapping for MavenProject: com.mandar:db-integration:0.0.1-SNAPSHOT @ /home/mandar-dhamale/eclipse-workspaces/Data Base Integration/db-integration/pom.xml.
2025-01-21 21:38:23,947 [Worker-43: Updating Maven Project] INFO  o.e.m.j.i.AbstractJavaProjectConfigurator - Adding source folder /db-integration/src/main/java
2025-01-21 21:38:23,947 [Worker-43: Updating Maven Project] INFO  o.e.m.j.i.AbstractJavaProjectConfigurator - Adding resource folder /db-integration/src/main/resources
2025-01-21 21:38:23,947 [Worker-43: Updating Maven Project] INFO  o.e.m.j.i.AbstractJavaProjectConfigurator - Adding source folder /db-integration/src/test/java
2025-01-21 21:38:23,948 [Worker-43: Updating Maven Project] INFO  o.e.m.j.i.AbstractJavaProjectConfigurator - Adding resource folder /db-integration/src/test/resources
2025-01-21 21:38:24,012 [Worker-43: Updating Maven Project] INFO  o.e.m.w.i.f.ResourceFilteringBuildParticipant - Cleaning filtered folder for db-integration
2025-01-21 21:38:24,015 [Worker-43: Updating Maven Project] INFO  o.e.m.c.i.p.ProjectConfigurationManager - Update completed for 1 poms: local refresh takes 0.00 sec, refresh facades takes 0.00 sec, update config takes 0.00 sec 
2025-01-21 21:38:24,265 [Worker-44: Building] INFO  o.a.m.s.f.DefaultMavenResourcesFiltering - skip non existing resourceDirectory /home/mandar-dhamale/eclipse-workspaces/Data Base Integration/db-integration/src/main/resources
2025-01-21 21:38:24,268 [Worker-44: Building] INFO  o.a.m.s.f.DefaultMavenResourcesFiltering - skip non existing resourceDirectory /home/mandar-dhamale/eclipse-workspaces/Data Base Integration/db-integration/src/test/resources
2025-01-21 21:38:24,269 [Worker-44: Building] INFO  o.e.m.w.i.f.ResourceFilteringBuildParticipant - Changed resources require a complete clean of filtered resources of db-integration
2025-01-21 21:38:24,269 [Worker-44: Building] INFO  o.e.m.w.i.f.ResourceFilteringBuildParticipant - Executing resource filtering for db-integration
2025-01-21 21:39:27,122 [Worker-46: Building] INFO  o.a.m.s.f.DefaultMavenResourcesFiltering - skip non existing resourceDirectory /home/mandar-dhamale/eclipse-workspaces/Data Base Integration/db-integration/src/main/resources
2025-01-21 21:39:27,124 [Worker-46: Building] INFO  o.a.m.s.f.DefaultMavenResourcesFiltering - skip non existing resourceDirectory /home/mandar-dhamale/eclipse-workspaces/Data Base Integration/db-integration/src/test/resources
2025-01-21 21:39:32,563 [Worker-45: Updating Maven Project] INFO  o.e.m.c.i.p.ProjectConfigurationManager - Update started
2025-01-21 21:39:32,616 [Worker-45: Updating Maven Project] INFO  o.e.m.c.i.l.LifecycleMappingFactory - Using org.maven.ide.eclipse.wtp.WarLifecycleMapping lifecycle mapping for MavenProject: com.mandar:db-integration:0.0.1-SNAPSHOT @ /home/mandar-dhamale/eclipse-workspaces/Data Base Integration/db-integration/pom.xml.
2025-01-21 21:39:32,649 [Worker-45: Updating Maven Project] INFO  o.e.m.j.i.AbstractJavaProjectConfigurator - Adding source folder /db-integration/src/main/java
2025-01-21 21:39:32,649 [Worker-45: Updating Maven Project] INFO  o.e.m.j.i.AbstractJavaProjectConfigurator - Adding resource folder /db-integration/src/main/resources
2025-01-21 21:39:32,649 [Worker-45: Updating Maven Project] INFO  o.e.m.j.i.AbstractJavaProjectConfigurator - Adding source folder /db-integration/src/test/java
2025-01-21 21:39:32,650 [Worker-45: Updating Maven Project] INFO  o.e.m.j.i.AbstractJavaProjectConfigurator - Adding resource folder /db-integration/src/test/resources
2025-01-21 21:39:32,681 [Worker-45: Updating Maven Project] INFO  o.e.m.w.i.f.ResourceFilteringBuildParticipant - Cleaning filtered folder for db-integration
2025-01-21 21:39:32,683 [Worker-45: Updating Maven Project] INFO  o.e.m.c.i.p.ProjectConfigurationManager - Update completed for 1 poms: local refresh takes 0.00 sec, refresh facades takes 0.00 sec, update config takes 0.00 sec 
2025-01-21 21:39:32,885 [Worker-44: Building] INFO  o.a.m.s.f.DefaultMavenResourcesFiltering - skip non existing resourceDirectory /home/mandar-dhamale/eclipse-workspaces/Data Base Integration/db-integration/src/main/resources
2025-01-21 21:39:32,889 [Worker-44: Building] INFO  o.a.m.s.f.DefaultMavenResourcesFiltering - skip non existing resourceDirectory /home/mandar-dhamale/eclipse-workspaces/Data Base Integration/db-integration/src/test/resources
2025-01-21 21:39:32,889 [Worker-44: Building] INFO  o.e.m.w.i.f.ResourceFilteringBuildParticipant - Changed resources require a complete clean of filtered resources of db-integration
2025-01-21 21:39:32,889 [Worker-44: Building] INFO  o.e.m.w.i.f.ResourceFilteringBuildParticipant - Executing resource filtering for db-integration
2025-01-21 21:41:17,147 [Worker-42: Building] INFO  o.e.m.c.i.l.LifecycleMappingFactory - Using org.maven.ide.eclipse.wtp.WarLifecycleMapping lifecycle mapping for MavenProject: com.mandar:db-integration:0.0.1-SNAPSHOT @ /home/mandar-dhamale/eclipse-workspaces/Data Base Integration/db-integration/pom.xml.
2025-01-21 21:41:17,215 [Worker-42: Building] INFO  o.a.m.s.f.DefaultMavenResourcesFiltering - skip non existing resourceDirectory /home/mandar-dhamale/eclipse-workspaces/Data Base Integration/db-integration/src/main/resources
2025-01-21 21:41:17,218 [Worker-42: Building] INFO  o.a.m.s.f.DefaultMavenResourcesFiltering - skip non existing resourceDirectory /home/mandar-dhamale/eclipse-workspaces/Data Base Integration/db-integration/src/test/resources
2025-01-21 21:41:17,219 [Worker-42: Building] INFO  o.e.m.w.i.f.ResourceFilteringBuildParticipant - Changed resources require a complete clean of filtered resources of db-integration
2025-01-21 21:41:17,219 [Worker-42: Building] INFO  o.e.m.w.i.f.ResourceFilteringBuildParticipant - Executing resource filtering for db-integration
2025-01-21 21:41:23,639 [Worker-40: Updating Maven Project] INFO  o.e.m.c.i.p.ProjectConfigurationManager - Update started
2025-01-21 21:41:23,656 [Worker-40: Updating Maven Project] INFO  o.e.m.c.i.l.LifecycleMappingFactory - Using org.maven.ide.eclipse.wtp.WarLifecycleMapping lifecycle mapping for MavenProject: com.mandar:db-integration:0.0.1-SNAPSHOT @ /home/mandar-dhamale/eclipse-workspaces/Data Base Integration/db-integration/pom.xml.
2025-01-21 21:41:23,687 [Worker-40: Updating Maven Project] INFO  o.e.m.j.i.AbstractJavaProjectConfigurator - Adding source folder /db-integration/src/main/java
2025-01-21 21:41:23,688 [Worker-40: Updating Maven Project] INFO  o.e.m.j.i.AbstractJavaProjectConfigurator - Adding resource folder /db-integration/src/main/resources
2025-01-21 21:41:23,688 [Worker-40: Updating Maven Project] INFO  o.e.m.j.i.AbstractJavaProjectConfigurator - Adding source folder /db-integration/src/test/java
2025-01-21 21:41:23,688 [Worker-40: Updating Maven Project] INFO  o.e.m.j.i.AbstractJavaProjectConfigurator - Adding resource folder /db-integration/src/test/resources
2025-01-21 21:41:23,717 [Worker-40: Updating Maven Project] INFO  o.e.m.w.i.f.ResourceFilteringBuildParticipant - Cleaning filtered folder for db-integration
2025-01-21 21:41:23,719 [Worker-40: Updating Maven Project] INFO  o.e.m.c.i.p.ProjectConfigurationManager - Update completed for 1 poms: local refresh takes 0.00 sec, refresh facades takes 0.00 sec, update config takes 0.00 sec 
2025-01-21 21:41:23,891 [Worker-45: Building] INFO  o.a.m.s.f.DefaultMavenResourcesFiltering - skip non existing resourceDirectory /home/mandar-dhamale/eclipse-workspaces/Data Base Integration/db-integration/src/main/resources
2025-01-21 21:41:23,895 [Worker-45: Building] INFO  o.a.m.s.f.DefaultMavenResourcesFiltering - skip non existing resourceDirectory /home/mandar-dhamale/eclipse-workspaces/Data Base Integration/db-integration/src/test/resources
2025-01-21 21:41:23,895 [Worker-45: Building] INFO  o.e.m.w.i.f.ResourceFilteringBuildParticipant - Changed resources require a complete clean of filtered resources of db-integration
2025-01-21 21:41:23,895 [Worker-45: Building] INFO  o.e.m.w.i.f.ResourceFilteringBuildParticipant - Executing resource filtering for db-integration
2025-01-21 21:42:57,456 [Worker-52: Building] INFO  o.e.m.c.i.l.LifecycleMappingFactory - Using org.maven.ide.eclipse.wtp.WarLifecycleMapping lifecycle mapping for MavenProject: com.mandar:db-integration:0.0.1-SNAPSHOT @ /home/mandar-dhamale/eclipse-workspaces/Data Base Integration/db-integration/pom.xml.
2025-01-21 21:42:57,551 [Worker-52: Building] INFO  o.a.m.s.f.DefaultMavenResourcesFiltering - skip non existing resourceDirectory /home/mandar-dhamale/eclipse-workspaces/Data Base Integration/db-integration/src/main/resources
2025-01-21 21:42:57,554 [Worker-52: Building] INFO  o.a.m.s.f.DefaultMavenResourcesFiltering - skip non existing resourceDirectory /home/mandar-dhamale/eclipse-workspaces/Data Base Integration/db-integration/src/test/resources
2025-01-21 21:42:57,555 [Worker-52: Building] INFO  o.e.m.w.i.f.ResourceFilteringBuildParticipant - Changed resources require a complete clean of filtered resources of db-integration
2025-01-21 21:42:57,555 [Worker-52: Building] INFO  o.e.m.w.i.f.ResourceFilteringBuildParticipant - Executing resource filtering for db-integration
2025-01-21 21:43:05,328 [Worker-54: Building] INFO  o.a.m.s.f.DefaultMavenResourcesFiltering - skip non existing resourceDirectory /home/mandar-dhamale/eclipse-workspaces/Data Base Integration/db-integration/src/main/resources
2025-01-21 21:43:05,329 [Worker-54: Building] INFO  o.a.m.s.f.DefaultMavenResourcesFiltering - skip non existing resourceDirectory /home/mandar-dhamale/eclipse-workspaces/Data Base Integration/db-integration/src/test/resources
2025-01-21 21:43:11,804 [Worker-40: Updating Maven Project] INFO  o.e.m.c.i.p.ProjectConfigurationManager - Update started
2025-01-21 21:43:11,834 [Worker-40: Updating Maven Project] INFO  o.e.m.c.i.l.LifecycleMappingFactory - Using org.maven.ide.eclipse.wtp.WarLifecycleMapping lifecycle mapping for MavenProject: com.mandar:db-integration:0.0.1-SNAPSHOT @ /home/mandar-dhamale/eclipse-workspaces/Data Base Integration/db-integration/pom.xml.
2025-01-21 21:43:11,872 [Worker-40: Updating Maven Project] INFO  o.e.m.j.i.AbstractJavaProjectConfigurator - Adding source folder /db-integration/src/main/java
2025-01-21 21:43:11,872 [Worker-40: Updating Maven Project] INFO  o.e.m.j.i.AbstractJavaProjectConfigurator - Adding resource folder /db-integration/src/main/resources
2025-01-21 21:43:11,873 [Worker-40: Updating Maven Project] INFO  o.e.m.j.i.AbstractJavaProjectConfigurator - Adding source folder /db-integration/src/test/java
2025-01-21 21:43:11,873 [Worker-40: Updating Maven Project] INFO  o.e.m.j.i.AbstractJavaProjectConfigurator - Adding resource folder /db-integration/src/test/resources
2025-01-21 21:43:11,951 [Worker-40: Updating Maven Project] INFO  o.e.m.w.i.f.ResourceFilteringBuildParticipant - Cleaning filtered folder for db-integration
2025-01-21 21:43:11,953 [Worker-40: Updating Maven Project] INFO  o.e.m.c.i.p.ProjectConfigurationManager - Update completed for 1 poms: local refresh takes 0.00 sec, refresh facades takes 0.00 sec, update config takes 0.00 sec 
2025-01-21 21:43:12,189 [Worker-52: Building] INFO  o.a.m.s.f.DefaultMavenResourcesFiltering - skip non existing resourceDirectory /home/mandar-dhamale/eclipse-workspaces/Data Base Integration/db-integration/src/main/resources
2025-01-21 21:43:12,193 [Worker-52: Building] INFO  o.a.m.s.f.DefaultMavenResourcesFiltering - skip non existing resourceDirectory /home/mandar-dhamale/eclipse-workspaces/Data Base Integration/db-integration/src/test/resources
2025-01-21 21:43:12,193 [Worker-52: Building] INFO  o.e.m.w.i.f.ResourceFilteringBuildParticipant - Changed resources require a complete clean of filtered resources of db-integration
2025-01-21 21:43:12,193 [Worker-52: Building] INFO  o.e.m.w.i.f.ResourceFilteringBuildParticipant - Executing resource filtering for db-integration
2025-01-21 21:45:01,430 [Worker-54: Building] INFO  o.a.m.s.f.DefaultMavenResourcesFiltering - skip non existing resourceDirectory /home/mandar-dhamale/eclipse-workspaces/Data Base Integration/db-integration/src/main/resources
2025-01-21 21:45:01,432 [Worker-54: Building] INFO  o.a.m.s.f.DefaultMavenResourcesFiltering - skip non existing resourceDirectory /home/mandar-dhamale/eclipse-workspaces/Data Base Integration/db-integration/src/test/resources
2025-01-21 21:45:06,393 [Worker-54: Building] INFO  o.a.m.s.f.DefaultMavenResourcesFiltering - skip non existing resourceDirectory /home/mandar-dhamale/eclipse-workspaces/Data Base Integration/db-integration/src/main/resources
2025-01-21 21:45:06,396 [Worker-54: Building] INFO  o.a.m.s.f.DefaultMavenResourcesFiltering - skip non existing resourceDirectory /home/mandar-dhamale/eclipse-workspaces/Data Base Integration/db-integration/src/test/resources
2025-01-21 21:45:18,560 [Worker-51: Building] INFO  o.a.m.s.f.DefaultMavenResourcesFiltering - skip non existing resourceDirectory /home/mandar-dhamale/eclipse-workspaces/Data Base Integration/db-integration/src/main/resources
2025-01-21 21:45:18,562 [Worker-51: Building] INFO  o.a.m.s.f.DefaultMavenResourcesFiltering - skip non existing resourceDirectory /home/mandar-dhamale/eclipse-workspaces/Data Base Integration/db-integration/src/test/resources
2025-01-21 21:50:30,088 [Worker-55: Building] INFO  o.a.m.s.f.DefaultMavenResourcesFiltering - skip non existing resourceDirectory /home/mandar-dhamale/eclipse-workspaces/Data Base Integration/db-integration/src/main/resources
2025-01-21 21:50:30,090 [Worker-55: Building] INFO  o.a.m.s.f.DefaultMavenResourcesFiltering - skip non existing resourceDirectory /home/mandar-dhamale/eclipse-workspaces/Data Base Integration/db-integration/src/test/resources
2025-01-21 21:50:36,268 [Worker-58: Building] INFO  o.a.m.s.f.DefaultMavenResourcesFiltering - skip non existing resourceDirectory /home/mandar-dhamale/eclipse-workspaces/Data Base Integration/db-integration/src/main/resources
2025-01-21 21:50:36,270 [Worker-58: Building] INFO  o.a.m.s.f.DefaultMavenResourcesFiltering - skip non existing resourceDirectory /home/mandar-dhamale/eclipse-workspaces/Data Base Integration/db-integration/src/test/resources
2025-01-21 21:50:42,635 [Worker-59: Building] INFO  o.a.m.s.f.DefaultMavenResourcesFiltering - skip non existing resourceDirectory /home/mandar-dhamale/eclipse-workspaces/Data Base Integration/db-integration/src/main/resources
2025-01-21 21:50:42,636 [Worker-59: Building] INFO  o.a.m.s.f.DefaultMavenResourcesFiltering - skip non existing resourceDirectory /home/mandar-dhamale/eclipse-workspaces/Data Base Integration/db-integration/src/test/resources
2025-01-21 21:51:00,514 [Worker-58: Building] INFO  o.a.m.s.f.DefaultMavenResourcesFiltering - skip non existing resourceDirectory /home/mandar-dhamale/eclipse-workspaces/Data Base Integration/db-integration/src/main/resources
2025-01-21 21:51:00,515 [Worker-58: Building] INFO  o.a.m.s.f.DefaultMavenResourcesFiltering - skip non existing resourceDirectory /home/mandar-dhamale/eclipse-workspaces/Data Base Integration/db-integration/src/test/resources
2025-01-21 21:51:06,487 [Worker-60: Building] INFO  o.a.m.s.f.DefaultMavenResourcesFiltering - skip non existing resourceDirectory /home/mandar-dhamale/eclipse-workspaces/Data Base Integration/db-integration/src/main/resources
2025-01-21 21:51:06,489 [Worker-60: Building] INFO  o.a.m.s.f.DefaultMavenResourcesFiltering - skip non existing resourceDirectory /home/mandar-dhamale/eclipse-workspaces/Data Base Integration/db-integration/src/test/resources
2025-01-21 21:51:47,412 [Worker-61: Building] INFO  o.a.m.s.f.DefaultMavenResourcesFiltering - skip non existing resourceDirectory /home/mandar-dhamale/eclipse-workspaces/Data Base Integration/db-integration/src/main/resources
2025-01-21 21:51:47,413 [Worker-61: Building] INFO  o.a.m.s.f.DefaultMavenResourcesFiltering - skip non existing resourceDirectory /home/mandar-dhamale/eclipse-workspaces/Data Base Integration/db-integration/src/test/resources
2025-01-21 21:51:54,462 [Worker-59: Building] INFO  o.a.m.s.f.DefaultMavenResourcesFiltering - skip non existing resourceDirectory /home/mandar-dhamale/eclipse-workspaces/Data Base Integration/db-integration/src/main/resources
2025-01-21 21:51:54,465 [Worker-59: Building] INFO  o.a.m.s.f.DefaultMavenResourcesFiltering - skip non existing resourceDirectory /home/mandar-dhamale/eclipse-workspaces/Data Base Integration/db-integration/src/test/resources
2025-01-21 21:51:59,542 [Worker-62: Building] INFO  o.a.m.s.f.DefaultMavenResourcesFiltering - skip non existing resourceDirectory /home/mandar-dhamale/eclipse-workspaces/Data Base Integration/db-integration/src/main/resources
2025-01-21 21:51:59,543 [Worker-62: Building] INFO  o.a.m.s.f.DefaultMavenResourcesFiltering - skip non existing resourceDirectory /home/mandar-dhamale/eclipse-workspaces/Data Base Integration/db-integration/src/test/resources
2025-01-21 21:52:11,850 [Worker-55: Building] INFO  o.a.m.s.f.DefaultMavenResourcesFiltering - skip non existing resourceDirectory /home/mandar-dhamale/eclipse-workspaces/Data Base Integration/db-integration/src/main/resources
2025-01-21 21:52:11,851 [Worker-55: Building] INFO  o.a.m.s.f.DefaultMavenResourcesFiltering - skip non existing resourceDirectory /home/mandar-dhamale/eclipse-workspaces/Data Base Integration/db-integration/src/test/resources
2025-01-21 21:53:40,521 [Worker-62: Building] INFO  o.e.m.c.i.l.LifecycleMappingFactory - Using org.maven.ide.eclipse.wtp.WarLifecycleMapping lifecycle mapping for MavenProject: com.mandar:db-integration:0.0.1-SNAPSHOT @ /home/mandar-dhamale/eclipse-workspaces/Data Base Integration/db-integration/pom.xml.
2025-01-21 21:53:40,602 [Worker-62: Building] INFO  o.a.m.s.f.DefaultMavenResourcesFiltering - skip non existing resourceDirectory /home/mandar-dhamale/eclipse-workspaces/Data Base Integration/db-integration/src/main/resources
2025-01-21 21:53:40,605 [Worker-62: Building] INFO  o.a.m.s.f.DefaultMavenResourcesFiltering - skip non existing resourceDirectory /home/mandar-dhamale/eclipse-workspaces/Data Base Integration/db-integration/src/test/resources
2025-01-21 21:53:40,605 [Worker-62: Building] INFO  o.e.m.w.i.f.ResourceFilteringBuildParticipant - Changed resources require a complete clean of filtered resources of db-integration
2025-01-21 21:53:40,605 [Worker-62: Building] INFO  o.e.m.w.i.f.ResourceFilteringBuildParticipant - Executing resource filtering for db-integration
2025-01-21 21:53:48,501 [Worker-61: Updating Maven Project] INFO  o.e.m.c.i.p.ProjectConfigurationManager - Update started
2025-01-21 21:53:48,523 [Worker-61: Updating Maven Project] INFO  o.e.m.c.i.l.LifecycleMappingFactory - Using org.maven.ide.eclipse.wtp.WarLifecycleMapping lifecycle mapping for MavenProject: com.mandar:db-integration:0.0.1-SNAPSHOT @ /home/mandar-dhamale/eclipse-workspaces/Data Base Integration/db-integration/pom.xml.
2025-01-21 21:53:48,552 [Worker-61: Updating Maven Project] INFO  o.e.m.j.i.AbstractJavaProjectConfigurator - Adding source folder /db-integration/src/main/java
2025-01-21 21:53:48,553 [Worker-61: Updating Maven Project] INFO  o.e.m.j.i.AbstractJavaProjectConfigurator - Adding resource folder /db-integration/src/main/resources
2025-01-21 21:53:48,553 [Worker-61: Updating Maven Project] INFO  o.e.m.j.i.AbstractJavaProjectConfigurator - Adding source folder /db-integration/src/test/java
2025-01-21 21:53:48,553 [Worker-61: Updating Maven Project] INFO  o.e.m.j.i.AbstractJavaProjectConfigurator - Adding resource folder /db-integration/src/test/resources
2025-01-21 21:53:48,719 [Worker-61: Updating Maven Project] INFO  o.e.m.w.i.f.ResourceFilteringBuildParticipant - Cleaning filtered folder for db-integration
2025-01-21 21:53:48,722 [Worker-61: Updating Maven Project] INFO  o.e.m.c.i.p.ProjectConfigurationManager - Update completed for 1 poms: local refresh takes 0.00 sec, refresh facades takes 0.00 sec, update config takes 0.00 sec 
2025-01-21 21:53:48,920 [Worker-58: Building Project db-integration] INFO  o.a.m.s.f.DefaultMavenResourcesFiltering - skip non existing resourceDirectory /home/mandar-dhamale/eclipse-workspaces/Data Base Integration/db-integration/src/main/resources
2025-01-21 21:53:48,926 [Worker-58: Building Project db-integration] INFO  o.a.m.s.f.DefaultMavenResourcesFiltering - skip non existing resourceDirectory /home/mandar-dhamale/eclipse-workspaces/Data Base Integration/db-integration/src/test/resources
2025-01-21 21:53:48,926 [Worker-58: Building Project db-integration] INFO  o.e.m.w.i.f.ResourceFilteringBuildParticipant - Changed resources require a complete clean of filtered resources of db-integration
2025-01-21 21:53:48,926 [Worker-58: Building Project db-integration] INFO  o.e.m.w.i.f.ResourceFilteringBuildParticipant - Executing resource filtering for db-integration
2025-01-21 21:56:39,098 [Worker-62: Building] INFO  o.a.m.s.f.DefaultMavenResourcesFiltering - skip non existing resourceDirectory /home/mandar-dhamale/eclipse-workspaces/Data Base Integration/db-integration/src/main/resources
2025-01-21 21:56:39,099 [Worker-62: Building] INFO  o.a.m.s.f.DefaultMavenResourcesFiltering - skip non existing resourceDirectory /home/mandar-dhamale/eclipse-workspaces/Data Base Integration/db-integration/src/test/resources
2025-01-21 21:56:48,971 [Worker-62: Updating Maven Project] INFO  o.e.m.c.i.p.ProjectConfigurationManager - Update started
2025-01-21 21:56:48,994 [Worker-62: Updating Maven Project] INFO  o.e.m.c.i.l.LifecycleMappingFactory - Using org.maven.ide.eclipse.wtp.WarLifecycleMapping lifecycle mapping for MavenProject: com.mandar:db-integration:0.0.1-SNAPSHOT @ /home/mandar-dhamale/eclipse-workspaces/Data Base Integration/db-integration/pom.xml.
2025-01-21 21:56:49,016 [Worker-62: Updating Maven Project] INFO  o.e.m.j.i.AbstractJavaProjectConfigurator - Adding source folder /db-integration/src/main/java
2025-01-21 21:56:49,016 [Worker-62: Updating Maven Project] INFO  o.e.m.j.i.AbstractJavaProjectConfigurator - Adding resource folder /db-integration/src/main/resources
2025-01-21 21:56:49,016 [Worker-62: Updating Maven Project] INFO  o.e.m.j.i.AbstractJavaProjectConfigurator - Adding source folder /db-integration/src/test/java
2025-01-21 21:56:49,016 [Worker-62: Updating Maven Project] INFO  o.e.m.j.i.AbstractJavaProjectConfigurator - Adding resource folder /db-integration/src/test/resources
2025-01-21 21:56:49,050 [Worker-62: Updating Maven Project] INFO  o.e.m.w.i.f.ResourceFilteringBuildParticipant - Cleaning filtered folder for db-integration
2025-01-21 21:56:49,052 [Worker-62: Updating Maven Project] INFO  o.e.m.c.i.p.ProjectConfigurationManager - Update completed for 1 poms: local refresh takes 0.00 sec, refresh facades takes 0.00 sec, update config takes 0.00 sec 
2025-01-21 21:56:49,255 [Worker-66: Building] INFO  o.a.m.s.f.DefaultMavenResourcesFiltering - skip non existing resourceDirectory /home/mandar-dhamale/eclipse-workspaces/Data Base Integration/db-integration/src/main/resources
2025-01-21 21:56:49,257 [Worker-66: Building] INFO  o.a.m.s.f.DefaultMavenResourcesFiltering - skip non existing resourceDirectory /home/mandar-dhamale/eclipse-workspaces/Data Base Integration/db-integration/src/test/resources
2025-01-21 21:56:49,257 [Worker-66: Building] INFO  o.e.m.w.i.f.ResourceFilteringBuildParticipant - Changed resources require a complete clean of filtered resources of db-integration
2025-01-21 21:56:49,258 [Worker-66: Building] INFO  o.e.m.w.i.f.ResourceFilteringBuildParticipant - Executing resource filtering for db-integration
2025-01-21 21:57:33,656 [Worker-61: Building] INFO  o.a.m.s.f.DefaultMavenResourcesFiltering - skip non existing resourceDirectory /home/mandar-dhamale/eclipse-workspaces/Data Base Integration/db-integration/src/main/resources
2025-01-21 21:57:33,658 [Worker-61: Building] INFO  o.a.m.s.f.DefaultMavenResourcesFiltering - skip non existing resourceDirectory /home/mandar-dhamale/eclipse-workspaces/Data Base Integration/db-integration/src/test/resources
2025-01-21 21:57:42,118 [Worker-66: Building] INFO  o.a.m.s.f.DefaultMavenResourcesFiltering - skip non existing resourceDirectory /home/mandar-dhamale/eclipse-workspaces/Data Base Integration/db-integration/src/main/resources
2025-01-21 21:57:42,119 [Worker-66: Building] INFO  o.a.m.s.f.DefaultMavenResourcesFiltering - skip non existing resourceDirectory /home/mandar-dhamale/eclipse-workspaces/Data Base Integration/db-integration/src/test/resources
2025-01-21 21:57:44,125 [Worker-64: Building] INFO  o.a.m.s.f.DefaultMavenResourcesFiltering - skip non existing resourceDirectory /home/mandar-dhamale/eclipse-workspaces/Data Base Integration/db-integration/src/main/resources
2025-01-21 21:57:44,127 [Worker-64: Building] INFO  o.a.m.s.f.DefaultMavenResourcesFiltering - skip non existing resourceDirectory /home/mandar-dhamale/eclipse-workspaces/Data Base Integration/db-integration/src/test/resources
2025-01-21 21:58:43,864 [Worker-68: Building] INFO  o.a.m.s.f.DefaultMavenResourcesFiltering - skip non existing resourceDirectory /home/mandar-dhamale/eclipse-workspaces/Data Base Integration/db-integration/src/main/resources
2025-01-21 21:58:43,864 [Worker-68: Building] INFO  o.a.m.s.f.DefaultMavenResourcesFiltering - skip non existing resourceDirectory /home/mandar-dhamale/eclipse-workspaces/Data Base Integration/db-integration/src/test/resources
2025-01-21 21:58:52,076 [Worker-66: Building] INFO  o.a.m.s.f.DefaultMavenResourcesFiltering - skip non existing resourceDirectory /home/mandar-dhamale/eclipse-workspaces/Data Base Integration/db-integration/src/main/resources
2025-01-21 21:58:52,079 [Worker-66: Building] INFO  o.a.m.s.f.DefaultMavenResourcesFiltering - skip non existing resourceDirectory /home/mandar-dhamale/eclipse-workspaces/Data Base Integration/db-integration/src/test/resources
2025-01-21 21:59:06,698 [Worker-56: Building] INFO  o.a.m.s.f.DefaultMavenResourcesFiltering - skip non existing resourceDirectory /home/mandar-dhamale/eclipse-workspaces/Data Base Integration/db-integration/src/main/resources
2025-01-21 21:59:06,699 [Worker-56: Building] INFO  o.a.m.s.f.DefaultMavenResourcesFiltering - skip non existing resourceDirectory /home/mandar-dhamale/eclipse-workspaces/Data Base Integration/db-integration/src/test/resources
2025-01-21 21:59:26,317 [Worker-62: Building] INFO  o.a.m.s.f.DefaultMavenResourcesFiltering - skip non existing resourceDirectory /home/mandar-dhamale/eclipse-workspaces/Data Base Integration/db-integration/src/main/resources
2025-01-21 21:59:26,318 [Worker-62: Building] INFO  o.a.m.s.f.DefaultMavenResourcesFiltering - skip non existing resourceDirectory /home/mandar-dhamale/eclipse-workspaces/Data Base Integration/db-integration/src/test/resources
2025-01-21 21:59:33,255 [Worker-67: Building] INFO  o.a.m.s.f.DefaultMavenResourcesFiltering - skip non existing resourceDirectory /home/mandar-dhamale/eclipse-workspaces/Data Base Integration/db-integration/src/main/resources
2025-01-21 21:59:33,256 [Worker-67: Building] INFO  o.a.m.s.f.DefaultMavenResourcesFiltering - skip non existing resourceDirectory /home/mandar-dhamale/eclipse-workspaces/Data Base Integration/db-integration/src/test/resources
2025-01-21 21:59:59,001 [Worker-56: Building] INFO  o.a.m.s.f.DefaultMavenResourcesFiltering - skip non existing resourceDirectory /home/mandar-dhamale/eclipse-workspaces/Data Base Integration/db-integration/src/main/resources
2025-01-21 21:59:59,003 [Worker-56: Building] INFO  o.a.m.s.f.DefaultMavenResourcesFiltering - skip non existing resourceDirectory /home/mandar-dhamale/eclipse-workspaces/Data Base Integration/db-integration/src/test/resources
2025-01-21 22:00:15,724 [Worker-62: Building] INFO  o.a.m.s.f.DefaultMavenResourcesFiltering - skip non existing resourceDirectory /home/mandar-dhamale/eclipse-workspaces/Data Base Integration/db-integration/src/main/resources
2025-01-21 22:00:15,725 [Worker-62: Building] INFO  o.a.m.s.f.DefaultMavenResourcesFiltering - skip non existing resourceDirectory /home/mandar-dhamale/eclipse-workspaces/Data Base Integration/db-integration/src/test/resources
2025-01-21 22:00:32,395 [Worker-56: Building] INFO  o.a.m.s.f.DefaultMavenResourcesFiltering - skip non existing resourceDirectory /home/mandar-dhamale/eclipse-workspaces/Data Base Integration/db-integration/src/main/resources
2025-01-21 22:00:32,396 [Worker-56: Building] INFO  o.a.m.s.f.DefaultMavenResourcesFiltering - skip non existing resourceDirectory /home/mandar-dhamale/eclipse-workspaces/Data Base Integration/db-integration/src/test/resources
2025-01-21 22:00:44,232 [Worker-66: Building] INFO  o.a.m.s.f.DefaultMavenResourcesFiltering - skip non existing resourceDirectory /home/mandar-dhamale/eclipse-workspaces/Data Base Integration/db-integration/src/main/resources
2025-01-21 22:00:44,233 [Worker-66: Building] INFO  o.a.m.s.f.DefaultMavenResourcesFiltering - skip non existing resourceDirectory /home/mandar-dhamale/eclipse-workspaces/Data Base Integration/db-integration/src/test/resources
2025-01-21 22:00:51,718 [Worker-62: Building] INFO  o.a.m.s.f.DefaultMavenResourcesFiltering - skip non existing resourceDirectory /home/mandar-dhamale/eclipse-workspaces/Data Base Integration/db-integration/src/main/resources
2025-01-21 22:00:51,719 [Worker-62: Building] INFO  o.a.m.s.f.DefaultMavenResourcesFiltering - skip non existing resourceDirectory /home/mandar-dhamale/eclipse-workspaces/Data Base Integration/db-integration/src/test/resources
2025-01-21 22:02:53,425 [Worker-67: Building] INFO  o.a.m.s.f.DefaultMavenResourcesFiltering - skip non existing resourceDirectory /home/mandar-dhamale/eclipse-workspaces/Data Base Integration/db-integration/src/main/resources
2025-01-21 22:02:53,427 [Worker-67: Building] INFO  o.a.m.s.f.DefaultMavenResourcesFiltering - skip non existing resourceDirectory /home/mandar-dhamale/eclipse-workspaces/Data Base Integration/db-integration/src/test/resources
2025-01-21 22:03:04,205 [Worker-67: Building] INFO  o.a.m.s.f.DefaultMavenResourcesFiltering - skip non existing resourceDirectory /home/mandar-dhamale/eclipse-workspaces/Data Base Integration/db-integration/src/main/resources
2025-01-21 22:03:04,207 [Worker-67: Building] INFO  o.a.m.s.f.DefaultMavenResourcesFiltering - skip non existing resourceDirectory /home/mandar-dhamale/eclipse-workspaces/Data Base Integration/db-integration/src/test/resources
2025-01-21 22:03:07,586 [Worker-67: Building] INFO  o.a.m.s.f.DefaultMavenResourcesFiltering - skip non existing resourceDirectory /home/mandar-dhamale/eclipse-workspaces/Data Base Integration/db-integration/src/main/resources
2025-01-21 22:03:07,588 [Worker-67: Building] INFO  o.a.m.s.f.DefaultMavenResourcesFiltering - skip non existing resourceDirectory /home/mandar-dhamale/eclipse-workspaces/Data Base Integration/db-integration/src/test/resources
